<?xml version="1.0" encoding="UTF-8"?>
<!-- Generated by org.testng.reporters.JUnitReportReporter -->
<testsuite hostname="DESKTOP-KV9H8EP" failures="0" tests="1" name="pack.TNG_001" time="54.162" errors="0" timestamp="21 Feb 2022 03:05:23 GMT" skipped="0">
  <testcase classname="pack.TNG_001" name="amazon" time="54.162"/>
</testsuite> <!-- pack.TNG_001 -->
